
Circuit 1 cell sky130_fd_pr__nfet_01v8 and Circuit 2 cell sky130_fd_pr__nfet_01v8 are black boxes.
Warning: Equate pins:  cell sky130_fd_pr__nfet_01v8 is a placeholder, treated as a black box.
Warning: Equate pins:  cell sky130_fd_pr__nfet_01v8 is a placeholder, treated as a black box.

Subcircuit pins:
Circuit 1: sky130_fd_pr__nfet_01v8         |Circuit 2: sky130_fd_pr__nfet_01v8         
-------------------------------------------|-------------------------------------------
1                                          |1                                          
2                                          |2                                          
3                                          |3                                          
4                                          |4                                          
---------------------------------------------------------------------------------------
Cell pin lists are equivalent.
Device classes sky130_fd_pr__nfet_01v8 and sky130_fd_pr__nfet_01v8 are equivalent.
Flattening unmatched subcell sky130_fd_pr__nfet_01v8_TCR5KT in circuit nmoscs (0)(2 instances)
Flattening unmatched subcell sky130_fd_pr__nfet_01v8_SCJFGL in circuit nmoscs (0)(2 instances)
Flattening unmatched subcell sky130_fd_pr__nfet_01v8_QCS68M in circuit nmoscs (0)(1 instance)

Class nmoscs (0):  Merged 4 parallel devices.
Subcircuit summary:
Circuit 1: nmoscs                          |Circuit 2: nmoscs                          
-------------------------------------------|-------------------------------------------
sky130_fd_pr__nfet_01v8 (8->4)             |sky130_fd_pr__nfet_01v8 (8->4)             
Number of devices: 4                       |Number of devices: 4                       
Number of nets: 4                          |Number of nets: 4                          
---------------------------------------------------------------------------------------
Netlists match uniquely with property errors.
sky130_fd_pr__nfet_01v8_TCR5KT_1/sky130_fd_pr__nfet_01v8:0 vs. sky130_fd_pr__nfet_01v8:M1:
 w circuit1: 2   circuit2: 2e-06   (delta=200%, cutoff=1%)
sky130_fd_pr__nfet_01v8_TCR5KT_0/sky130_fd_pr__nfet_01v8:0 vs. sky130_fd_pr__nfet_01v8:M2:
 w circuit1: 2   circuit2: 2e-06   (delta=200%, cutoff=1%)
sky130_fd_pr__nfet_01v8_QCS68M_0/sky130_fd_pr__nfet_01v8:0 vs. sky130_fd_pr__nfet_01v8:M3:
 l circuit1: 1   circuit2: 1e-06   (delta=200%, cutoff=1%)
 w circuit1: 2   circuit2: 2e-06   (delta=200%, cutoff=1%)
sky130_fd_pr__nfet_01v8_QCS68M_0/sky130_fd_pr__nfet_01v8:2 vs. sky130_fd_pr__nfet_01v8:M4:
 l circuit1: 1   circuit2: 1e-06   (delta=200%, cutoff=1%)
 w circuit1: 2   circuit2: 2e-06   (delta=200%, cutoff=1%)

Subcircuit pins:
Circuit 1: nmoscs                          |Circuit 2: nmoscs                          
-------------------------------------------|-------------------------------------------
RS                                         |RS                                         
D4                                         |D4                                         
GND                                        |GND                                        
D3                                         |D3                                         
---------------------------------------------------------------------------------------
Cell pin lists are equivalent.
Device classes nmoscs and nmoscs are equivalent.

Final result: Circuits match uniquely.
Property errors were found.

The following cells had property errors:
 nmoscs
